Using pre-set license
Built from '2020.2/release' branch; Version is '2020.2.2f1 (068178b99f32) revision 426360'; Using compiler version '192528614'; Build Type 'Release'
OS: 'Windows 10 Pro; OS build 19041.746; Version 2004; 64bit' Language: 'nl' Physical Memory: 16334 MB
BatchMode: 1, IsHumanControllingUs: 0, StartBugReporterOnCrash: 0, Is64bit: 1, IsPro: 0

 COMMAND LINE ARGUMENTS:
D:\Applications\Unity\2020.2.2f1\Editor\Unity.exe
-adb2
-batchMode
-noUpm
-name
AssetImportWorker0
-projectPath
D:/Documents/GitHub/3D-simulatie/Forester
-logFile
Logs/AssetImportWorker0.log
-srvPort
55074
Successfully changed project path to: D:/Documents/GitHub/3D-simulatie/Forester
D:/Documents/GitHub/3D-simulatie/Forester
Using Asset Import Pipeline V2.
Refreshing native plugins compatible for Editor in 21.34 ms, found 0 plugins.
Preloading 0 native plugins for Editor in 0.00 ms.
Initialize engine version: 2020.2.2f1 (068178b99f32)
[Subsystems] Discovering subsystems at path D:/Applications/Unity/2020.2.2f1/Editor/Data/Resources/UnitySubsystems
[Subsystems] Discovering subsystems at path D:/Documents/GitHub/3D-simulatie/Forester/Assets
GfxDevice: creating device client; threaded=0
Direct3D:
    Version:  Direct3D 11.0 [level 11.1]
    Renderer: AMD Radeon RX 5700 XT (ID=0x731f)
    Vendor:   
    VRAM:     8148 MB
    Driver:   27.20.1034.6
Initialize mono
Mono path[0] = 'D:/Applications/Unity/2020.2.2f1/Editor/Data/Managed'
Mono path[1] = 'D:/Applications/Unity/2020.2.2f1/Editor/Data/MonoBleedingEdge/lib/mono/unityjit'
Mono config path = 'D:/Applications/Unity/2020.2.2f1/Editor/Data/MonoBleedingEdge/etc'
Using monoOptions --debugger-agent=transport=dt_socket,embedding=1,server=y,suspend=n,address=127.0.0.1:56096
Begin MonoManager ReloadAssembly
Registering precompiled unity dll's ...
Register platform support module: D:/Applications/Unity/2020.2.2f1/Editor/Data/PlaybackEngines/WindowsStandaloneSupport/UnityEditor.WindowsStandalone.Extensions.dll
Registered in 0.000815 seconds.
Native extension for WindowsStandalone target not found
Refreshing native plugins compatible for Editor in 21.54 ms, found 0 plugins.
Preloading 0 native plugins for Editor in 0.00 ms.
Invoked RoslynAnalysisRunner static constructor.
RoslynAnalysisRunner will not be running.
RoslynAnalysisRunner has terminated.
Mono: successfully reloaded assembly
- Completed reload, in  0.675 seconds
Platform modules already initialized, skipping
Registering precompiled user dll's ...
Registered in 0.000378 seconds.
Begin MonoManager ReloadAssembly
Native extension for WindowsStandalone target not found
Refreshing native plugins compatible for Editor in 0.24 ms, found 0 plugins.
Preloading 0 native plugins for Editor in 0.00 ms.
Invoked RoslynAnalysisRunner static constructor.
RoslynAnalysisRunner will not be running.
RoslynAnalysisRunner has terminated.
Mono: successfully reloaded assembly
- Completed reload, in  0.627 seconds
Platform modules already initialized, skipping
========================================================================
Worker process is ready to serve import requests
Launched and connected shader compiler UnityShaderCompiler.exe after 0.03 seconds
Refreshing native plugins compatible for Editor in 0.26 ms, found 0 plugins.
Preloading 0 native plugins for Editor in 0.00 ms.
Unloading 1225 Unused Serialized files (Serialized files now loaded: 0)
System memory in use before: 86.1 MB.
System memory in use after: 85.8 MB.

Unloading 12 unused Assets to reduce memory usage. Loaded Objects now: 1684.
Total: 1.679000 ms (FindLiveObjects: 0.155300 ms CreateObjectMapping: 0.037300 ms MarkObjects: 1.231100 ms  DeleteObjects: 0.254400 ms)

========================================================================
Received Import Request.
  path: Assets/Scenes
  artifactKey: Guid(d3d91319b99f7d74fb0fbe266190e258) Importer(815301076,1909f56bfc062723c751e8b465ee728b)
Start importing Assets/Scenes using Guid(d3d91319b99f7d74fb0fbe266190e258) Importer(815301076,1909f56bfc062723c751e8b465ee728b)  -> (artifact id: 'f9fd0e85b4b8568de55f3dea80318a01') in 0.006730 seconds
  Import took 0.008577 seconds .

========================================================================
Received Import Request.
  Time since last request: 0.000173 seconds.
  path: Assets/NatureStarterKit2
  artifactKey: Guid(0717e1306e9d2d3439ba1a2b47ffd93a) Importer(815301076,1909f56bfc062723c751e8b465ee728b)
Start importing Assets/NatureStarterKit2 using Guid(0717e1306e9d2d3439ba1a2b47ffd93a) Importer(815301076,1909f56bfc062723c751e8b465ee728b)  -> (artifact id: 'ac1b8f0f6a2697bb634cba5995a90607') in 0.004137 seconds
  Import took 0.005953 seconds .

========================================================================
Received Import Request.
  Time since last request: 0.702907 seconds.
  path: Assets/NatureStarterKit2/Nature
  artifactKey: Guid(021c6f6f5587fce4fa4829fa5ddc3bba) Importer(815301076,1909f56bfc062723c751e8b465ee728b)
Start importing Assets/NatureStarterKit2/Nature using Guid(021c6f6f5587fce4fa4829fa5ddc3bba) Importer(815301076,1909f56bfc062723c751e8b465ee728b)  -> (artifact id: 'cb3f0dd0e235f1133920680ed14f80b3') in 0.004844 seconds
  Import took 0.006648 seconds .

========================================================================
Received Import Request.
  Time since last request: 0.522785 seconds.
  path: Assets/NatureStarterKit2/Nature/bush01.prefab
  artifactKey: Guid(d638ef2ca2fe20c4c9c08e125692d3f4) Importer(815301076,1909f56bfc062723c751e8b465ee728b)
Start importing Assets/NatureStarterKit2/Nature/bush01.prefab using Guid(d638ef2ca2fe20c4c9c08e125692d3f4) Importer(815301076,1909f56bfc062723c751e8b465ee728b)  -> (artifact id: '6f6d30d49029813a737489475faba143') in 0.711759 seconds
  Import took 0.713701 seconds .

========================================================================
Received Import Request.
  Time since last request: 0.000176 seconds.
  path: Assets/NatureStarterKit2/Nature/tree02.prefab
  artifactKey: Guid(c63ea781a273235439e583799176c846) Importer(815301076,1909f56bfc062723c751e8b465ee728b)
Start importing Assets/NatureStarterKit2/Nature/tree02.prefab using Guid(c63ea781a273235439e583799176c846) Importer(815301076,1909f56bfc062723c751e8b465ee728b)  -> (artifact id: 'dd29f3fd0c9a0b6f1f62f82d656dde30') in 0.030691 seconds
  Import took 0.032674 seconds .

========================================================================
Received Import Request.
  Time since last request: 0.000186 seconds.
  path: Assets/NatureStarterKit2/Nature/tree03.prefab
  artifactKey: Guid(4e2dd32c733005a44b50004d673dc653) Importer(815301076,1909f56bfc062723c751e8b465ee728b)
Start importing Assets/NatureStarterKit2/Nature/tree03.prefab using Guid(4e2dd32c733005a44b50004d673dc653) Importer(815301076,1909f56bfc062723c751e8b465ee728b)  -> (artifact id: '81484f15b867545040c9773a62f3f8c9') in 0.023235 seconds
  Import took 0.025234 seconds .

========================================================================
Received Import Request.
  Time since last request: 0.000185 seconds.
  path: Assets/NatureStarterKit2/Nature/bush03.prefab
  artifactKey: Guid(9c74caa742791864f9c678287121e6c9) Importer(815301076,1909f56bfc062723c751e8b465ee728b)
Start importing Assets/NatureStarterKit2/Nature/bush03.prefab using Guid(9c74caa742791864f9c678287121e6c9) Importer(815301076,1909f56bfc062723c751e8b465ee728b)  -> (artifact id: 'c8d5cf6931f33378daa904e15adf4e7f') in 0.021244 seconds
  Import took 0.023101 seconds .

========================================================================
Received Import Request.
  Time since last request: 0.000163 seconds.
  path: Assets/NatureStarterKit2/Nature/bush05.prefab
  artifactKey: Guid(bb660abd3b29d9f44866fd79795dbca4) Importer(815301076,1909f56bfc062723c751e8b465ee728b)
Start importing Assets/NatureStarterKit2/Nature/bush05.prefab using Guid(bb660abd3b29d9f44866fd79795dbca4) Importer(815301076,1909f56bfc062723c751e8b465ee728b)  -> (artifact id: '2869f131d3d87a78cef2a11e683afbfd') in 0.022554 seconds
  Import took 0.024331 seconds .

========================================================================
Received Import Request.
  Time since last request: 0.000172 seconds.
  path: Assets/NatureStarterKit2/Nature/bush06.prefab
  artifactKey: Guid(f62058cb710fd1745a24102fff0edd46) Importer(815301076,1909f56bfc062723c751e8b465ee728b)
Start importing Assets/NatureStarterKit2/Nature/bush06.prefab using Guid(f62058cb710fd1745a24102fff0edd46) Importer(815301076,1909f56bfc062723c751e8b465ee728b)  -> (artifact id: 'cfb7be50081c8faa6dfcb25e0424c498') in 0.021200 seconds
  Import took 0.022933 seconds .

========================================================================
Received Import Request.
  Time since last request: 0.000159 seconds.
  path: Assets/NatureStarterKit2/Nature/bush02.prefab
  artifactKey: Guid(ec78ebca7517fb745a45a931cb06d2bd) Importer(815301076,1909f56bfc062723c751e8b465ee728b)
Start importing Assets/NatureStarterKit2/Nature/bush02.prefab using Guid(ec78ebca7517fb745a45a931cb06d2bd) Importer(815301076,1909f56bfc062723c751e8b465ee728b)  -> (artifact id: '20f2ce014a004517abc3887cd8e0c7a9') in 0.020688 seconds
  Import took 0.022474 seconds .

========================================================================
Received Import Request.
  Time since last request: 0.000186 seconds.
  path: Assets/NatureStarterKit2/Nature/tree04.prefab
  artifactKey: Guid(aae542b8a65f39b49b008fa689ce9804) Importer(815301076,1909f56bfc062723c751e8b465ee728b)
Start importing Assets/NatureStarterKit2/Nature/tree04.prefab using Guid(aae542b8a65f39b49b008fa689ce9804) Importer(815301076,1909f56bfc062723c751e8b465ee728b)  -> (artifact id: 'b261377fc4c1374330b7ecf4f23d1a67') in 0.021823 seconds
  Import took 0.023553 seconds .

========================================================================
Received Import Request.
  Time since last request: 0.000226 seconds.
  path: Assets/NatureStarterKit2/Nature/tree01.prefab
  artifactKey: Guid(393b236c42954a640b513d46de90ac38) Importer(815301076,1909f56bfc062723c751e8b465ee728b)
Start importing Assets/NatureStarterKit2/Nature/tree01.prefab using Guid(393b236c42954a640b513d46de90ac38) Importer(815301076,1909f56bfc062723c751e8b465ee728b)  -> (artifact id: 'c0320fa61c9cadccb42369afafaf98b4') in 0.024380 seconds
  Import took 0.026421 seconds .

========================================================================
Received Import Request.
  Time since last request: 0.000153 seconds.
  path: Assets/NatureStarterKit2/Nature/bush04.prefab
  artifactKey: Guid(d15b44addf30da74f946086ec0aa993c) Importer(815301076,1909f56bfc062723c751e8b465ee728b)
Start importing Assets/NatureStarterKit2/Nature/bush04.prefab using Guid(d15b44addf30da74f946086ec0aa993c) Importer(815301076,1909f56bfc062723c751e8b465ee728b)  -> (artifact id: '75b5cc02950f79d8c57ccaf9364ec513') in 0.020021 seconds
  Import took 0.021828 seconds .

========================================================================
Received Import Request.
  Time since last request: 8.392087 seconds.
  path: Assets/NatureStarterKit2/Scene
  artifactKey: Guid(406b7a5b7a9ba0b41bf47a649b017346) Importer(815301076,1909f56bfc062723c751e8b465ee728b)
Start importing Assets/NatureStarterKit2/Scene using Guid(406b7a5b7a9ba0b41bf47a649b017346) Importer(815301076,1909f56bfc062723c751e8b465ee728b)  -> (artifact id: 'f73c6fb830fdad268f41b4c5ad262416') in 0.004869 seconds
  Import took 0.006704 seconds .

========================================================================
Received Import Request.
  Time since last request: 0.060847 seconds.
  path: Assets/NatureStarterKit2/Scene/New Terrain.asset
  artifactKey: Guid(32620d2a18d1d6543869088db9e2d1c5) Importer(815301076,1909f56bfc062723c751e8b465ee728b)
Start importing Assets/NatureStarterKit2/Scene/New Terrain.asset using Guid(32620d2a18d1d6543869088db9e2d1c5) Importer(815301076,1909f56bfc062723c751e8b465ee728b)  -> (artifact id: '59ef6afb453825a9ca873af9c5d28905') in 0.113766 seconds
  Import took 0.116745 seconds .

========================================================================
Received Import Request.
  Time since last request: 0.000188 seconds.
  path: Assets/NatureStarterKit2/Scene/SecondaryTerrain.asset
  artifactKey: Guid(7f570b916f436aa4c9d4676e57349fd4) Importer(815301076,1909f56bfc062723c751e8b465ee728b)
Start importing Assets/NatureStarterKit2/Scene/SecondaryTerrain.asset using Guid(7f570b916f436aa4c9d4676e57349fd4) Importer(815301076,1909f56bfc062723c751e8b465ee728b)  -> (artifact id: 'cc880436539911291dbb01d74c3099a4') in 0.063302 seconds
  Import took 0.066785 seconds .

========================================================================
Received Prepare
Registering precompiled user dll's ...
Registered in 0.000476 seconds.
Begin MonoManager ReloadAssembly
Native extension for WindowsStandalone target not found
Refreshing native plugins compatible for Editor in 0.22 ms, found 0 plugins.
Preloading 0 native plugins for Editor in 0.00 ms.
Invoked RoslynAnalysisRunner static constructor.
RoslynAnalysisRunner will not be running.
RoslynAnalysisRunner has terminated.
Mono: successfully reloaded assembly
- Completed reload, in  0.557 seconds
Platform modules already initialized, skipping
Refreshing native plugins compatible for Editor in 0.24 ms, found 0 plugins.
Preloading 0 native plugins for Editor in 0.00 ms.
Unloading 1148 Unused Serialized files (Serialized files now loaded: 0)
System memory in use before: 84.9 MB.
System memory in use after: 84.7 MB.

Unloading 7 unused Assets to reduce memory usage. Loaded Objects now: 1732.
Total: 1.747400 ms (FindLiveObjects: 0.166500 ms CreateObjectMapping: 0.028200 ms MarkObjects: 1.292700 ms  DeleteObjects: 0.258800 ms)

========================================================================
Received Import Request.
  Time since last request: 237.048519 seconds.
  path: Assets/NatureStarterKit2/Scene/New Terrain.asset
  artifactKey: Guid(32620d2a18d1d6543869088db9e2d1c5) Importer(815301076,1909f56bfc062723c751e8b465ee728b)
Start importing Assets/NatureStarterKit2/Scene/New Terrain.asset using Guid(32620d2a18d1d6543869088db9e2d1c5) Importer(815301076,1909f56bfc062723c751e8b465ee728b)  -> (artifact id: '23c50674e5628e6ac18a3ed2693efc12') in 0.067907 seconds
  Import took 0.071336 seconds .

========================================================================
Received Import Request.
  Time since last request: 0.000238 seconds.
  path: Assets/NatureStarterKit2/Scene/SecondaryTerrain.asset
  artifactKey: Guid(7f570b916f436aa4c9d4676e57349fd4) Importer(815301076,1909f56bfc062723c751e8b465ee728b)
Start importing Assets/NatureStarterKit2/Scene/SecondaryTerrain.asset using Guid(7f570b916f436aa4c9d4676e57349fd4) Importer(815301076,1909f56bfc062723c751e8b465ee728b)  -> (artifact id: '5797f1e26542e0e4d6bb8044efab0edc') in 0.034631 seconds
  Import took 0.038383 seconds .

========================================================================
Received Import Request.
  Time since last request: 151.849017 seconds.
  path: Assets/Mega Fantasy Props Pack
  artifactKey: Guid(a4e178e9dab68e24da61693a54bd4f43) Importer(815301076,1909f56bfc062723c751e8b465ee728b)
Start importing Assets/Mega Fantasy Props Pack using Guid(a4e178e9dab68e24da61693a54bd4f43) Importer(815301076,1909f56bfc062723c751e8b465ee728b)  -> (artifact id: '5fb20f24129ec3d61da34e6c992eb279') in 0.004904 seconds
  Import took 0.006847 seconds .

========================================================================
Received Import Request.
  Time since last request: 0.003296 seconds.
  path: Assets/Mega Fantasy Props Pack
  artifactKey: Guid(a4e178e9dab68e24da61693a54bd4f43) Importer(815301076,1909f56bfc062723c751e8b465ee728b)
Start importing Assets/Mega Fantasy Props Pack using Guid(a4e178e9dab68e24da61693a54bd4f43) Importer(815301076,1909f56bfc062723c751e8b465ee728b)  -> (artifact id: '5fb20f24129ec3d61da34e6c992eb279') in 0.001523 seconds
  Import took 0.003101 seconds .

========================================================================
Received Import Request.
  Time since last request: 2.272266 seconds.
  path: Assets/Mega Fantasy Props Pack/Prefabs
  artifactKey: Guid(44e2f664807176d42b15a845208d6689) Importer(815301076,1909f56bfc062723c751e8b465ee728b)
Start importing Assets/Mega Fantasy Props Pack/Prefabs using Guid(44e2f664807176d42b15a845208d6689) Importer(815301076,1909f56bfc062723c751e8b465ee728b)  -> (artifact id: 'a1b09f24c6f2318b6326ccbbc3e8801a') in 0.005484 seconds
  Import took 0.007359 seconds .

========================================================================
Received Import Request.
  Time since last request: 11.212634 seconds.
  path: Assets/Mega Fantasy Props Pack/Prefabs/Houses
  artifactKey: Guid(c0e5ac57f0cb19444973e5594ade00ff) Importer(815301076,1909f56bfc062723c751e8b465ee728b)
Start importing Assets/Mega Fantasy Props Pack/Prefabs/Houses using Guid(c0e5ac57f0cb19444973e5594ade00ff) Importer(815301076,1909f56bfc062723c751e8b465ee728b)  -> (artifact id: '0fe560ce4dfdabdfb39e491a9d0c8522') in 0.004735 seconds
  Import took 0.006587 seconds .

========================================================================
Received Import Request.
  Time since last request: 0.060769 seconds.
  path: Assets/Mega Fantasy Props Pack/Prefabs/Houses/House.001.prefab
  artifactKey: Guid(187270ca2fe18a94cab577d45457fcef) Importer(815301076,1909f56bfc062723c751e8b465ee728b)
Start importing Assets/Mega Fantasy Props Pack/Prefabs/Houses/House.001.prefab using Guid(187270ca2fe18a94cab577d45457fcef) Importer(815301076,1909f56bfc062723c751e8b465ee728b)  -> (artifact id: '892ef31cf3b63764460494335af8b355') in 0.247535 seconds
  Import took 0.249760 seconds .

========================================================================
Received Import Request.
  Time since last request: 0.000190 seconds.
  path: Assets/Mega Fantasy Props Pack/Prefabs/Houses/house.003.prefab
  artifactKey: Guid(966be20f9e46e6a4cbeecd459d97d9c3) Importer(815301076,1909f56bfc062723c751e8b465ee728b)
Start importing Assets/Mega Fantasy Props Pack/Prefabs/Houses/house.003.prefab using Guid(966be20f9e46e6a4cbeecd459d97d9c3) Importer(815301076,1909f56bfc062723c751e8b465ee728b)  -> (artifact id: '9ff3a1de1474e357ad96a25e6e214fda') in 0.035033 seconds
  Import took 0.037816 seconds .

========================================================================
Received Import Request.
  Time since last request: 0.000210 seconds.
  path: Assets/Mega Fantasy Props Pack/Prefabs/Houses/house.002.prefab
  artifactKey: Guid(4a44f35a46b75e941b4ca602c1b9a78d) Importer(815301076,1909f56bfc062723c751e8b465ee728b)
Start importing Assets/Mega Fantasy Props Pack/Prefabs/Houses/house.002.prefab using Guid(4a44f35a46b75e941b4ca602c1b9a78d) Importer(815301076,1909f56bfc062723c751e8b465ee728b)  -> (artifact id: '46e16515f7a44733f773efeb352490bf') in 0.024383 seconds
  Import took 0.026894 seconds .

========================================================================
Received Import Request.
  Time since last request: 74.658404 seconds.
  path: Assets/Mega Fantasy Props Pack/Prefabs/Complex prefabs
  artifactKey: Guid(d74739ea36834f64bbf95f1f2a5bc579) Importer(815301076,1909f56bfc062723c751e8b465ee728b)
Start importing Assets/Mega Fantasy Props Pack/Prefabs/Complex prefabs using Guid(d74739ea36834f64bbf95f1f2a5bc579) Importer(815301076,1909f56bfc062723c751e8b465ee728b)  -> (artifact id: 'd0fc7f25c15cc1c3ed46dc6e436af707') in 0.006525 seconds
  Import took 0.008416 seconds .

========================================================================
Received Import Request.
  Time since last request: 1.306377 seconds.
  path: Assets/Mega Fantasy Props Pack/Prefabs/Complex prefabs/Barrels.prefab
  artifactKey: Guid(eefa18c7aee7d324eb1d4af38eafc25a) Importer(815301076,1909f56bfc062723c751e8b465ee728b)
Start importing Assets/Mega Fantasy Props Pack/Prefabs/Complex prefabs/Barrels.prefab using Guid(eefa18c7aee7d324eb1d4af38eafc25a) Importer(815301076,1909f56bfc062723c751e8b465ee728b)  -> (artifact id: '91a2e762f10293523c069b8985599469') in 0.021953 seconds
  Import took 0.024078 seconds .

========================================================================
Received Import Request.
  Time since last request: 0.000205 seconds.
  path: Assets/Mega Fantasy Props Pack/Prefabs/Complex prefabs/Three firewoods.prefab
  artifactKey: Guid(c4ad67a7cd19345449ac3646963ee9aa) Importer(815301076,1909f56bfc062723c751e8b465ee728b)
Start importing Assets/Mega Fantasy Props Pack/Prefabs/Complex prefabs/Three firewoods.prefab using Guid(c4ad67a7cd19345449ac3646963ee9aa) Importer(815301076,1909f56bfc062723c751e8b465ee728b)  -> (artifact id: '67f9c4ceb30a9c51238a635bf2044506') in 0.228962 seconds
  Import took 0.231009 seconds .

========================================================================
Received Import Request.
  Time since last request: 0.000173 seconds.
  path: Assets/Mega Fantasy Props Pack/Prefabs/Complex prefabs/Boxes.prefab
  artifactKey: Guid(32ec60437affc154daf6bbf3557b1fe3) Importer(815301076,1909f56bfc062723c751e8b465ee728b)
Start importing Assets/Mega Fantasy Props Pack/Prefabs/Complex prefabs/Boxes.prefab using Guid(32ec60437affc154daf6bbf3557b1fe3) Importer(815301076,1909f56bfc062723c751e8b465ee728b)  -> (artifact id: 'fc2f37c8d452f4a5a6ba73d510decae5') in 0.020532 seconds
  Import took 0.022638 seconds .

========================================================================
Received Import Request.
  Time since last request: 4.508420 seconds.
  path: Assets/Mega Fantasy Props Pack/Prefabs/Miscellaneous
  artifactKey: Guid(206d1cfeb5ad6f54dba2411ac486411b) Importer(815301076,1909f56bfc062723c751e8b465ee728b)
Start importing Assets/Mega Fantasy Props Pack/Prefabs/Miscellaneous using Guid(206d1cfeb5ad6f54dba2411ac486411b) Importer(815301076,1909f56bfc062723c751e8b465ee728b)  -> (artifact id: 'e1745113b71c793d30c4b994c6118409') in 0.005326 seconds
  Import took 0.007242 seconds .

========================================================================
Received Import Request.
  Time since last request: 0.074241 seconds.
  path: Assets/Mega Fantasy Props Pack/Prefabs/Miscellaneous/anvil.prefab
  artifactKey: Guid(9067651dcf99b9f4e96b878d0ab98445) Importer(815301076,1909f56bfc062723c751e8b465ee728b)
Start importing Assets/Mega Fantasy Props Pack/Prefabs/Miscellaneous/anvil.prefab using Guid(9067651dcf99b9f4e96b878d0ab98445) Importer(815301076,1909f56bfc062723c751e8b465ee728b)  -> (artifact id: '14ae7485d7e76fc3547178847ecd7bc9') in 0.016148 seconds
  Import took 0.018086 seconds .

========================================================================
Received Import Request.
  Time since last request: 0.000203 seconds.
  path: Assets/Mega Fantasy Props Pack/Prefabs/Miscellaneous/cauldron.prefab
  artifactKey: Guid(0decf664aa10e334dac700e1299b0eed) Importer(815301076,1909f56bfc062723c751e8b465ee728b)
Start importing Assets/Mega Fantasy Props Pack/Prefabs/Miscellaneous/cauldron.prefab using Guid(0decf664aa10e334dac700e1299b0eed) Importer(815301076,1909f56bfc062723c751e8b465ee728b)  -> (artifact id: '5a54e8916f38959bd7018620046b3a8e') in 0.012458 seconds
  Import took 0.014444 seconds .

========================================================================
Received Import Request.
  Time since last request: 0.000177 seconds.
  path: Assets/Mega Fantasy Props Pack/Prefabs/Miscellaneous/hood.prefab
  artifactKey: Guid(36f9fc079e16fb34996c398dbf985c7d) Importer(815301076,1909f56bfc062723c751e8b465ee728b)
Start importing Assets/Mega Fantasy Props Pack/Prefabs/Miscellaneous/hood.prefab using Guid(36f9fc079e16fb34996c398dbf985c7d) Importer(815301076,1909f56bfc062723c751e8b465ee728b)  -> (artifact id: '9bed4720f8c77d6bd7f70894d6f792da') in 0.015239 seconds
  Import took 0.017202 seconds .

========================================================================
Received Import Request.
  Time since last request: 0.000178 seconds.
  path: Assets/Mega Fantasy Props Pack/Prefabs/Miscellaneous/basket.prefab
  artifactKey: Guid(5c63ee1e94a9a014da2292f3dbf7b19a) Importer(815301076,1909f56bfc062723c751e8b465ee728b)
Start importing Assets/Mega Fantasy Props Pack/Prefabs/Miscellaneous/basket.prefab using Guid(5c63ee1e94a9a014da2292f3dbf7b19a) Importer(815301076,1909f56bfc062723c751e8b465ee728b)  -> (artifact id: '8a81210d59dca939da0da1b9aadccab4') in 0.012850 seconds
  Import took 0.014812 seconds .

========================================================================
Received Import Request.
  Time since last request: 0.000202 seconds.
  path: Assets/Mega Fantasy Props Pack/Prefabs/Miscellaneous/furnace.prefab
  artifactKey: Guid(b859b474959b15d41baff2b4738b550b) Importer(815301076,1909f56bfc062723c751e8b465ee728b)
Start importing Assets/Mega Fantasy Props Pack/Prefabs/Miscellaneous/furnace.prefab using Guid(b859b474959b15d41baff2b4738b550b) Importer(815301076,1909f56bfc062723c751e8b465ee728b)  -> (artifact id: '639d73f46a97ddd4b55cf338775259bf') in 0.016867 seconds
  Import took 0.019010 seconds .

========================================================================
Received Import Request.
  Time since last request: 0.000180 seconds.
  path: Assets/Mega Fantasy Props Pack/Prefabs/Miscellaneous/scrolls.prefab
  artifactKey: Guid(5819cea5b13f2934a8e13996ff748543) Importer(815301076,1909f56bfc062723c751e8b465ee728b)
Start importing Assets/Mega Fantasy Props Pack/Prefabs/Miscellaneous/scrolls.prefab using Guid(5819cea5b13f2934a8e13996ff748543) Importer(815301076,1909f56bfc062723c751e8b465ee728b)  -> (artifact id: 'f70fe07d46e07872555470104e5bb51f') in 0.014431 seconds
  Import took 0.016138 seconds .

========================================================================
Received Import Request.
  Time since last request: 0.000201 seconds.
  path: Assets/Mega Fantasy Props Pack/Prefabs/Miscellaneous/cage.prefab
  artifactKey: Guid(2813f18062e255a4aa5723d7a214a18c) Importer(815301076,1909f56bfc062723c751e8b465ee728b)
Start importing Assets/Mega Fantasy Props Pack/Prefabs/Miscellaneous/cage.prefab using Guid(2813f18062e255a4aa5723d7a214a18c) Importer(815301076,1909f56bfc062723c751e8b465ee728b)  -> (artifact id: 'd574bcdbd024436bc8128e66e8dee366') in 0.015984 seconds
  Import took 0.017988 seconds .

========================================================================
Received Import Request.
  Time since last request: 0.000192 seconds.
  path: Assets/Mega Fantasy Props Pack/Prefabs/Miscellaneous/carpet.prefab
  artifactKey: Guid(8088cc0ca1f49f645802eeca8f4c1615) Importer(815301076,1909f56bfc062723c751e8b465ee728b)
Start importing Assets/Mega Fantasy Props Pack/Prefabs/Miscellaneous/carpet.prefab using Guid(8088cc0ca1f49f645802eeca8f4c1615) Importer(815301076,1909f56bfc062723c751e8b465ee728b)  -> (artifact id: '54c0e7eee77590ebc404e161302aecdf') in 0.014154 seconds
  Import took 0.016249 seconds .

========================================================================
Received Import Request.
  Time since last request: 0.000208 seconds.
  path: Assets/Mega Fantasy Props Pack/Prefabs/Miscellaneous/tree.prefab
  artifactKey: Guid(2b0bf804c6d79704d8c705b94af63855) Importer(815301076,1909f56bfc062723c751e8b465ee728b)
Start importing Assets/Mega Fantasy Props Pack/Prefabs/Miscellaneous/tree.prefab using Guid(2b0bf804c6d79704d8c705b94af63855) Importer(815301076,1909f56bfc062723c751e8b465ee728b)  -> (artifact id: '4d13a26f718b90be42639502e077ba48') in 0.017478 seconds
  Import took 0.019942 seconds .

========================================================================
Received Import Request.
  Time since last request: 0.000206 seconds.
  path: Assets/Mega Fantasy Props Pack/Prefabs/Miscellaneous/bucket.prefab
  artifactKey: Guid(97318fbbd96e1824c9f8390c74e20ed3) Importer(815301076,1909f56bfc062723c751e8b465ee728b)
Start importing Assets/Mega Fantasy Props Pack/Prefabs/Miscellaneous/bucket.prefab using Guid(97318fbbd96e1824c9f8390c74e20ed3) Importer(815301076,1909f56bfc062723c751e8b465ee728b)  -> (artifact id: '6d1e9c2d0e30fcd2f3b7b0167fb9cb81') in 0.014161 seconds
  Import took 0.016176 seconds .

========================================================================
Received Import Request.
  Time since last request: 0.000172 seconds.
  path: Assets/Mega Fantasy Props Pack/Prefabs/Miscellaneous/rack_for_weapons.prefab
  artifactKey: Guid(0137f721b82b567438eb74a52f479f35) Importer(815301076,1909f56bfc062723c751e8b465ee728b)
Start importing Assets/Mega Fantasy Props Pack/Prefabs/Miscellaneous/rack_for_weapons.prefab using Guid(0137f721b82b567438eb74a52f479f35) Importer(815301076,1909f56bfc062723c751e8b465ee728b)  -> (artifact id: '6f88fe07487467b4fca1c97b1710882b') in 0.014012 seconds
  Import took 0.015798 seconds .

========================================================================
Received Import Request.
  Time since last request: 0.000200 seconds.
  path: Assets/Mega Fantasy Props Pack/Prefabs/Miscellaneous/spice_bag.prefab
  artifactKey: Guid(fad3894d33d323447a3187fbca3004cc) Importer(815301076,1909f56bfc062723c751e8b465ee728b)
Start importing Assets/Mega Fantasy Props Pack/Prefabs/Miscellaneous/spice_bag.prefab using Guid(fad3894d33d323447a3187fbca3004cc) Importer(815301076,1909f56bfc062723c751e8b465ee728b)  -> (artifact id: '0e46907dce94d5c87da04f0b280c85f4') in 0.016918 seconds
  Import took 0.018751 seconds .

========================================================================
Received Import Request.
  Time since last request: 0.000180 seconds.
  path: Assets/Mega Fantasy Props Pack/Prefabs/Miscellaneous/firewood.prefab
  artifactKey: Guid(dd95ee52b2d3a914baa7f842b3cf7592) Importer(815301076,1909f56bfc062723c751e8b465ee728b)
Start importing Assets/Mega Fantasy Props Pack/Prefabs/Miscellaneous/firewood.prefab using Guid(dd95ee52b2d3a914baa7f842b3cf7592) Importer(815301076,1909f56bfc062723c751e8b465ee728b)  -> (artifact id: 'c20239b9132d4accad5facc9415bccfa') in 0.016589 seconds
  Import took 0.018410 seconds .

========================================================================
Received Import Request.
  Time since last request: 0.000164 seconds.
  path: Assets/Mega Fantasy Props Pack/Prefabs/Miscellaneous/wagon.prefab
  artifactKey: Guid(83dbbb8dec8a8de42b788eab746b43fd) Importer(815301076,1909f56bfc062723c751e8b465ee728b)
Start importing Assets/Mega Fantasy Props Pack/Prefabs/Miscellaneous/wagon.prefab using Guid(83dbbb8dec8a8de42b788eab746b43fd) Importer(815301076,1909f56bfc062723c751e8b465ee728b)  -> (artifact id: 'fd87533e0500b6b1c9dcad2096632bdd') in 0.015956 seconds
  Import took 0.017684 seconds .

========================================================================
Received Import Request.
  Time since last request: 0.000176 seconds.
  path: Assets/Mega Fantasy Props Pack/Prefabs/Miscellaneous/scroll.prefab
  artifactKey: Guid(bfb5063a60f6ab946b7818053c46d9d2) Importer(815301076,1909f56bfc062723c751e8b465ee728b)
Start importing Assets/Mega Fantasy Props Pack/Prefabs/Miscellaneous/scroll.prefab using Guid(bfb5063a60f6ab946b7818053c46d9d2) Importer(815301076,1909f56bfc062723c751e8b465ee728b)  -> (artifact id: '170ed7daee6f8d12a6e2d1b215879852') in 0.014486 seconds
  Import took 0.016215 seconds .

========================================================================
Received Import Request.
  Time since last request: 0.000207 seconds.
  path: Assets/Mega Fantasy Props Pack/Prefabs/Miscellaneous/firewood_no_support.prefab
  artifactKey: Guid(baff10b8e1a024d41b45733d378107c9) Importer(815301076,1909f56bfc062723c751e8b465ee728b)
Start importing Assets/Mega Fantasy Props Pack/Prefabs/Miscellaneous/firewood_no_support.prefab using Guid(baff10b8e1a024d41b45733d378107c9) Importer(815301076,1909f56bfc062723c751e8b465ee728b)  -> (artifact id: 'c499e94174224fadebb7e916f3a3178f') in 0.018337 seconds
  Import took 0.020135 seconds .

========================================================================
Received Import Request.
  Time since last request: 0.000196 seconds.
  path: Assets/Mega Fantasy Props Pack/Prefabs/Miscellaneous/rack_for_weapons_small.prefab
  artifactKey: Guid(9f1174680b6eec646bad64015b37aaa3) Importer(815301076,1909f56bfc062723c751e8b465ee728b)
Start importing Assets/Mega Fantasy Props Pack/Prefabs/Miscellaneous/rack_for_weapons_small.prefab using Guid(9f1174680b6eec646bad64015b37aaa3) Importer(815301076,1909f56bfc062723c751e8b465ee728b)  -> (artifact id: '66dec4ed71274d8d188da7ed8821d7d1') in 0.016826 seconds
  Import took 0.018983 seconds .

========================================================================
Received Import Request.
  Time since last request: 0.000201 seconds.
  path: Assets/Mega Fantasy Props Pack/Prefabs/Miscellaneous/bag.prefab
  artifactKey: Guid(8084703d30cc2204d910a3ffb54cf246) Importer(815301076,1909f56bfc062723c751e8b465ee728b)
Start importing Assets/Mega Fantasy Props Pack/Prefabs/Miscellaneous/bag.prefab using Guid(8084703d30cc2204d910a3ffb54cf246) Importer(815301076,1909f56bfc062723c751e8b465ee728b)  -> (artifact id: '5491d4641e6706cee8199111e6e7d0b9') in 0.015737 seconds
  Import took 0.017829 seconds .

========================================================================
Received Import Request.
  Time since last request: 0.000216 seconds.
  path: Assets/Mega Fantasy Props Pack/Prefabs/Miscellaneous/rack_for_weapons_small.prefab
  artifactKey: Guid(9f1174680b6eec646bad64015b37aaa3) Importer(815301076,1909f56bfc062723c751e8b465ee728b)
Start importing Assets/Mega Fantasy Props Pack/Prefabs/Miscellaneous/rack_for_weapons_small.prefab using Guid(9f1174680b6eec646bad64015b37aaa3) Importer(815301076,1909f56bfc062723c751e8b465ee728b)  -> (artifact id: '66dec4ed71274d8d188da7ed8821d7d1') in 0.012676 seconds
  Import took 0.014668 seconds .

========================================================================
Received Import Request.
  Time since last request: 0.000224 seconds.
  path: Assets/Mega Fantasy Props Pack/Prefabs/Miscellaneous/half_tree.001.prefab
  artifactKey: Guid(41bd38faa607929438760553682eff4a) Importer(815301076,1909f56bfc062723c751e8b465ee728b)
Start importing Assets/Mega Fantasy Props Pack/Prefabs/Miscellaneous/half_tree.001.prefab using Guid(41bd38faa607929438760553682eff4a) Importer(815301076,1909f56bfc062723c751e8b465ee728b)  -> (artifact id: '7091b6356b7d61cf79dfff57f8db7ffb') in 0.018012 seconds
  Import took 0.019929 seconds .

========================================================================
Received Import Request.
  Time since last request: 0.000323 seconds.
  path: Assets/Mega Fantasy Props Pack/Prefabs/Miscellaneous/firewood_single.prefab
  artifactKey: Guid(f110c542cb124a045a69faf5b0b218c4) Importer(815301076,1909f56bfc062723c751e8b465ee728b)
Start importing Assets/Mega Fantasy Props Pack/Prefabs/Miscellaneous/firewood_single.prefab using Guid(f110c542cb124a045a69faf5b0b218c4) Importer(815301076,1909f56bfc062723c751e8b465ee728b)  -> (artifact id: '24307e4df455c3ffd87974286173cf08') in 0.016352 seconds
  Import took 0.018544 seconds .

========================================================================
Received Import Request.
  Time since last request: 0.000213 seconds.
  path: Assets/Mega Fantasy Props Pack/Prefabs/Miscellaneous/granite_panel.prefab
  artifactKey: Guid(5cd8c9e8157360648bf43e9188816395) Importer(815301076,1909f56bfc062723c751e8b465ee728b)
Start importing Assets/Mega Fantasy Props Pack/Prefabs/Miscellaneous/granite_panel.prefab using Guid(5cd8c9e8157360648bf43e9188816395) Importer(815301076,1909f56bfc062723c751e8b465ee728b)  -> (artifact id: '3d97aeb6c02d6e1fe593c878ac878777') in 0.014335 seconds
  Import took 0.016286 seconds .

========================================================================
Received Import Request.
  Time since last request: 0.000172 seconds.
  path: Assets/Mega Fantasy Props Pack/Prefabs/Miscellaneous/half_tree.prefab
  artifactKey: Guid(a29cd1ae58878ec4cbbaa2778eaa0569) Importer(815301076,1909f56bfc062723c751e8b465ee728b)
Start importing Assets/Mega Fantasy Props Pack/Prefabs/Miscellaneous/half_tree.prefab using Guid(a29cd1ae58878ec4cbbaa2778eaa0569) Importer(815301076,1909f56bfc062723c751e8b465ee728b)  -> (artifact id: 'a7913467c2694b21c7b02731d115e1fa') in 0.016843 seconds
  Import took 0.018696 seconds .

========================================================================
Received Import Request.
  Time since last request: 0.000183 seconds.
  path: Assets/Mega Fantasy Props Pack/Prefabs/Miscellaneous/torch.prefab
  artifactKey: Guid(f990a7f182be91b41b7167bc5fdff7eb) Importer(815301076,1909f56bfc062723c751e8b465ee728b)
Start importing Assets/Mega Fantasy Props Pack/Prefabs/Miscellaneous/torch.prefab using Guid(f990a7f182be91b41b7167bc5fdff7eb) Importer(815301076,1909f56bfc062723c751e8b465ee728b)  -> (artifact id: '46f22602b0890c582a7a23ba4115736a') in 0.017312 seconds
  Import took 0.019205 seconds .

========================================================================
Received Import Request.
  Time since last request: 0.000223 seconds.
  path: Assets/Mega Fantasy Props Pack/Prefabs/Miscellaneous/trunk.prefab
  artifactKey: Guid(03d4692bad6ae2846b02d5e5cd5be76f) Importer(815301076,1909f56bfc062723c751e8b465ee728b)
Start importing Assets/Mega Fantasy Props Pack/Prefabs/Miscellaneous/trunk.prefab using Guid(03d4692bad6ae2846b02d5e5cd5be76f) Importer(815301076,1909f56bfc062723c751e8b465ee728b)  -> (artifact id: '2e8750397fae7f19661a31212650b47c') in 0.015932 seconds
  Import took 0.018031 seconds .

========================================================================
Received Import Request.
  Time since last request: 0.000191 seconds.
  path: Assets/Mega Fantasy Props Pack/Prefabs/Miscellaneous/sawing_wood.prefab
  artifactKey: Guid(099f3d86a4a33ad418b73fcb72ad8d6c) Importer(815301076,1909f56bfc062723c751e8b465ee728b)
Start importing Assets/Mega Fantasy Props Pack/Prefabs/Miscellaneous/sawing_wood.prefab using Guid(099f3d86a4a33ad418b73fcb72ad8d6c) Importer(815301076,1909f56bfc062723c751e8b465ee728b)  -> (artifact id: '813e4086c3e6e13e320ad296660cc742') in 0.020206 seconds
  Import took 0.022365 seconds .

========================================================================
Received Import Request.
  Time since last request: 5.935070 seconds.
  path: Assets/Mega Fantasy Props Pack/Prefabs/Miscellaneous/Pile of planks
  artifactKey: Guid(21c4f098811f8524b89c2a6533829df3) Importer(815301076,1909f56bfc062723c751e8b465ee728b)
Start importing Assets/Mega Fantasy Props Pack/Prefabs/Miscellaneous/Pile of planks using Guid(21c4f098811f8524b89c2a6533829df3) Importer(815301076,1909f56bfc062723c751e8b465ee728b)  -> (artifact id: 'b1f7ad265d70bf97ca3bbb62c74f255c') in 0.005054 seconds
  Import took 0.006969 seconds .

========================================================================
Received Import Request.
  Time since last request: 3.432935 seconds.
  path: Assets/Mega Fantasy Props Pack/Prefabs/Miscellaneous/Candels
  artifactKey: Guid(9fe720f8bb59e014283b7a15929cfb8a) Importer(815301076,1909f56bfc062723c751e8b465ee728b)
Start importing Assets/Mega Fantasy Props Pack/Prefabs/Miscellaneous/Candels using Guid(9fe720f8bb59e014283b7a15929cfb8a) Importer(815301076,1909f56bfc062723c751e8b465ee728b)  -> (artifact id: '9b28291c38cec00c8de61bca3712fba2') in 0.005360 seconds
  Import took 0.007596 seconds .

========================================================================
Received Import Request.
  Time since last request: 0.067176 seconds.
  path: Assets/Mega Fantasy Props Pack/Prefabs/Miscellaneous/Candels/candle.001.prefab
  artifactKey: Guid(837bbaf5dee360744b718c131e460361) Importer(815301076,1909f56bfc062723c751e8b465ee728b)
Start importing Assets/Mega Fantasy Props Pack/Prefabs/Miscellaneous/Candels/candle.001.prefab using Guid(837bbaf5dee360744b718c131e460361) Importer(815301076,1909f56bfc062723c751e8b465ee728b)  -> (artifact id: 'aed57213b756dc65225fc31dc82e5370') in 0.190244 seconds
  Import took 0.192350 seconds .

========================================================================
Received Import Request.
  Time since last request: 0.000199 seconds.
  path: Assets/Mega Fantasy Props Pack/Prefabs/Miscellaneous/Candels/candle.prefab
  artifactKey: Guid(c3450acf831bfe8488297849333aa224) Importer(815301076,1909f56bfc062723c751e8b465ee728b)
Start importing Assets/Mega Fantasy Props Pack/Prefabs/Miscellaneous/Candels/candle.prefab using Guid(c3450acf831bfe8488297849333aa224) Importer(815301076,1909f56bfc062723c751e8b465ee728b)  -> (artifact id: '8cd5afe1dbd1e9cfdad54405caa21195') in 0.016018 seconds
  Import took 0.017936 seconds .

========================================================================
Received Import Request.
  Time since last request: 0.000217 seconds.
  path: Assets/Mega Fantasy Props Pack/Prefabs/Miscellaneous/Candels/candle.003.prefab
  artifactKey: Guid(2b3a2892cf7649d4eb5355cad86eea6d) Importer(815301076,1909f56bfc062723c751e8b465ee728b)
Start importing Assets/Mega Fantasy Props Pack/Prefabs/Miscellaneous/Candels/candle.003.prefab using Guid(2b3a2892cf7649d4eb5355cad86eea6d) Importer(815301076,1909f56bfc062723c751e8b465ee728b)  -> (artifact id: '3d83a1d094321650d79a3755dd1b916f') in 0.015369 seconds
  Import took 0.017366 seconds .

========================================================================
Received Import Request.
  Time since last request: 0.000198 seconds.
  path: Assets/Mega Fantasy Props Pack/Prefabs/Miscellaneous/Candels/candle.002.prefab
  artifactKey: Guid(1f44ff26a40ad394081c1f8220d99413) Importer(815301076,1909f56bfc062723c751e8b465ee728b)
Start importing Assets/Mega Fantasy Props Pack/Prefabs/Miscellaneous/Candels/candle.002.prefab using Guid(1f44ff26a40ad394081c1f8220d99413) Importer(815301076,1909f56bfc062723c751e8b465ee728b)  -> (artifact id: '7ed8c03fef8baf54d6083a85db370fb6') in 0.015068 seconds
  Import took 0.017046 seconds .

========================================================================
Received Prepare
Registering precompiled user dll's ...
Registered in 0.000518 seconds.
Begin MonoManager ReloadAssembly
Native extension for WindowsStandalone target not found
Refreshing native plugins compatible for Editor in 0.29 ms, found 0 plugins.
Preloading 0 native plugins for Editor in 0.00 ms.
Invoked RoslynAnalysisRunner static constructor.
RoslynAnalysisRunner will not be running.
RoslynAnalysisRunner has terminated.
Mono: successfully reloaded assembly
- Completed reload, in  0.557 seconds
Platform modules already initialized, skipping
Refreshing native plugins compatible for Editor in 0.30 ms, found 0 plugins.
Preloading 0 native plugins for Editor in 0.00 ms.
Unloading 1148 Unused Serialized files (Serialized files now loaded: 0)
System memory in use before: 87.1 MB.
System memory in use after: 86.9 MB.

Unloading 7 unused Assets to reduce memory usage. Loaded Objects now: 1735.
Total: 1.627400 ms (FindLiveObjects: 0.145300 ms CreateObjectMapping: 0.027300 ms MarkObjects: 1.182600 ms  DeleteObjects: 0.271600 ms)

========================================================================
Received Import Request.
  Time since last request: 359.163194 seconds.
  path: Assets/Mega Fantasy Props Pack/Materials
  artifactKey: Guid(857e807c790d3924fa059e2b04c42e40) Importer(815301076,1909f56bfc062723c751e8b465ee728b)
Start importing Assets/Mega Fantasy Props Pack/Materials using Guid(857e807c790d3924fa059e2b04c42e40) Importer(815301076,1909f56bfc062723c751e8b465ee728b)  -> (artifact id: '18aa143580c956a21ad6d99e5886f2e9') in 0.008606 seconds
  Import took 0.010600 seconds .

========================================================================
Received Import Request.
  Time since last request: 0.123706 seconds.
  path: Assets/Mega Fantasy Props Pack/Materials/bark_1_d.mat
  artifactKey: Guid(916e2ecc63e6c994db2a3f8ca486b069) Importer(815301076,1909f56bfc062723c751e8b465ee728b)
Start importing Assets/Mega Fantasy Props Pack/Materials/bark_1_d.mat using Guid(916e2ecc63e6c994db2a3f8ca486b069) Importer(815301076,1909f56bfc062723c751e8b465ee728b)  -> (artifact id: 'b918d24ecfc6579403dfb283291a6ff7') in 0.058755 seconds
  Import took 0.060753 seconds .

========================================================================
Received Import Request.
  Time since last request: 0.000178 seconds.
  path: Assets/Mega Fantasy Props Pack/Materials/canvas_d.mat
  artifactKey: Guid(8ea231131c0ecc64ca078b074ddd7129) Importer(815301076,1909f56bfc062723c751e8b465ee728b)
Start importing Assets/Mega Fantasy Props Pack/Materials/canvas_d.mat using Guid(8ea231131c0ecc64ca078b074ddd7129) Importer(815301076,1909f56bfc062723c751e8b465ee728b)  -> (artifact id: 'f9cc9e40c402f84b9da154ae5749c3f7') in 0.014616 seconds
  Import took 0.016433 seconds .

========================================================================
Received Import Request.
  Time since last request: 0.000197 seconds.
  path: Assets/Mega Fantasy Props Pack/Materials/wood_1_d.mat
  artifactKey: Guid(13ceee64ceec99b4c83bc82e593822e9) Importer(815301076,1909f56bfc062723c751e8b465ee728b)
Start importing Assets/Mega Fantasy Props Pack/Materials/wood_1_d.mat using Guid(13ceee64ceec99b4c83bc82e593822e9) Importer(815301076,1909f56bfc062723c751e8b465ee728b)  -> (artifact id: '2a1a9ad35284f1575607a8ef7739b08a') in 0.017199 seconds
  Import took 0.019046 seconds .

========================================================================
Received Import Request.
  Time since last request: 0.000253 seconds.
  path: Assets/Mega Fantasy Props Pack/Materials/dark_iron.mat
  artifactKey: Guid(92c80c0d26945b34a9d0c7d295afeb60) Importer(815301076,1909f56bfc062723c751e8b465ee728b)
Start importing Assets/Mega Fantasy Props Pack/Materials/dark_iron.mat using Guid(92c80c0d26945b34a9d0c7d295afeb60) Importer(815301076,1909f56bfc062723c751e8b465ee728b)  -> (artifact id: '9558d94e5a4c8f933d32cb5827e62815') in 0.018156 seconds
  Import took 0.020201 seconds .

========================================================================
Received Import Request.
  Time since last request: 0.000237 seconds.
  path: Assets/Mega Fantasy Props Pack/Materials/bark_2_d.mat
  artifactKey: Guid(c308058fe19e91945b8a535cbaeec91d) Importer(815301076,1909f56bfc062723c751e8b465ee728b)
Start importing Assets/Mega Fantasy Props Pack/Materials/bark_2_d.mat using Guid(c308058fe19e91945b8a535cbaeec91d) Importer(815301076,1909f56bfc062723c751e8b465ee728b)  -> (artifact id: '06cdb919948cfcc86fb8b76e002f83df') in 0.017013 seconds
  Import took 0.019051 seconds .

========================================================================
Received Import Request.
  Time since last request: 0.000182 seconds.
  path: Assets/Mega Fantasy Props Pack/Materials/canvas_book_4_d.mat
  artifactKey: Guid(3f6e37fdf70ee3649873addb4353ba36) Importer(815301076,1909f56bfc062723c751e8b465ee728b)
Start importing Assets/Mega Fantasy Props Pack/Materials/canvas_book_4_d.mat using Guid(3f6e37fdf70ee3649873addb4353ba36) Importer(815301076,1909f56bfc062723c751e8b465ee728b)  -> (artifact id: '10b4b48896137b6296997c8e28e582e9') in 0.016161 seconds
  Import took 0.017880 seconds .

========================================================================
Received Import Request.
  Time since last request: 0.000246 seconds.
  path: Assets/Mega Fantasy Props Pack/Materials/fabric_bag_2_d.mat
  artifactKey: Guid(8723e51378391314f9970fb4ddb11004) Importer(815301076,1909f56bfc062723c751e8b465ee728b)
Start importing Assets/Mega Fantasy Props Pack/Materials/fabric_bag_2_d.mat using Guid(8723e51378391314f9970fb4ddb11004) Importer(815301076,1909f56bfc062723c751e8b465ee728b)  -> (artifact id: '019e6ed9e5e7ab1c5955cb9292979047') in 0.013882 seconds
  Import took 0.015715 seconds .

========================================================================
Received Import Request.
  Time since last request: 0.000224 seconds.
  path: Assets/Mega Fantasy Props Pack/Materials/wood.mat
  artifactKey: Guid(8e12c98df9366e84ebc37e382fc650af) Importer(815301076,1909f56bfc062723c751e8b465ee728b)
Start importing Assets/Mega Fantasy Props Pack/Materials/wood.mat using Guid(8e12c98df9366e84ebc37e382fc650af) Importer(815301076,1909f56bfc062723c751e8b465ee728b)  -> (artifact id: 'aeac8910b2802a93d32e79f62ce71067') in 0.014663 seconds
  Import took 0.016664 seconds .

========================================================================
Received Import Request.
  Time since last request: 0.000159 seconds.
  path: Assets/Mega Fantasy Props Pack/Materials/granite_1_d.mat
  artifactKey: Guid(965224637509ca24787fde060eea6f06) Importer(815301076,1909f56bfc062723c751e8b465ee728b)
Start importing Assets/Mega Fantasy Props Pack/Materials/granite_1_d.mat using Guid(965224637509ca24787fde060eea6f06) Importer(815301076,1909f56bfc062723c751e8b465ee728b)  -> (artifact id: 'bf13b51d41fd268682807d36438e9c8e') in 0.014134 seconds
  Import took 0.015863 seconds .

========================================================================
Received Import Request.
  Time since last request: 0.000176 seconds.
  path: Assets/Mega Fantasy Props Pack/Materials/timber_1_fixed_dark.mat
  artifactKey: Guid(79b6bc15374199f4c90b61b8c09d3d4a) Importer(815301076,1909f56bfc062723c751e8b465ee728b)
Start importing Assets/Mega Fantasy Props Pack/Materials/timber_1_fixed_dark.mat using Guid(79b6bc15374199f4c90b61b8c09d3d4a) Importer(815301076,1909f56bfc062723c751e8b465ee728b)  -> (artifact id: 'daf2a5a06e212d0e86eea65cc22b0c8c') in 0.016347 seconds
  Import took 0.018063 seconds .

========================================================================
Received Import Request.
  Time since last request: 0.000208 seconds.
  path: Assets/Mega Fantasy Props Pack/Materials/dirt_1_fixed_d.mat
  artifactKey: Guid(da2d7a7a842064e4cb761293c37a9035) Importer(815301076,1909f56bfc062723c751e8b465ee728b)
Start importing Assets/Mega Fantasy Props Pack/Materials/dirt_1_fixed_d.mat using Guid(da2d7a7a842064e4cb761293c37a9035) Importer(815301076,1909f56bfc062723c751e8b465ee728b)  -> (artifact id: 'f145d1ac79d419cefd3688ade4db1c76') in 0.014220 seconds
  Import took 0.016297 seconds .

========================================================================
Received Import Request.
  Time since last request: 0.000196 seconds.
  path: Assets/Mega Fantasy Props Pack/Materials/wood_burned.mat
  artifactKey: Guid(2ac921ccf4efe38459a2bae33d0b058a) Importer(815301076,1909f56bfc062723c751e8b465ee728b)
Start importing Assets/Mega Fantasy Props Pack/Materials/wood_burned.mat using Guid(2ac921ccf4efe38459a2bae33d0b058a) Importer(815301076,1909f56bfc062723c751e8b465ee728b)  -> (artifact id: '0cc6bc58e37eed086c5c45e48e24e3bd') in 0.014795 seconds
  Import took 0.016547 seconds .

========================================================================
Received Import Request.
  Time since last request: 0.000181 seconds.
  path: Assets/Mega Fantasy Props Pack/Materials/wooden-boards-texture_dark_d.mat
  artifactKey: Guid(7b081be773367574e95bd41658134e7a) Importer(815301076,1909f56bfc062723c751e8b465ee728b)
Start importing Assets/Mega Fantasy Props Pack/Materials/wooden-boards-texture_dark_d.mat using Guid(7b081be773367574e95bd41658134e7a) Importer(815301076,1909f56bfc062723c751e8b465ee728b)  -> (artifact id: 'b65484fa9f04f6e4e67508dd63eba961') in 0.015397 seconds
  Import took 0.017126 seconds .

========================================================================
Received Import Request.
  Time since last request: 0.000195 seconds.
  path: Assets/Mega Fantasy Props Pack/Materials/wood_4_d.mat
  artifactKey: Guid(8fc7164692cb91340b5ced7843fef0a2) Importer(815301076,1909f56bfc062723c751e8b465ee728b)
Start importing Assets/Mega Fantasy Props Pack/Materials/wood_4_d.mat using Guid(8fc7164692cb91340b5ced7843fef0a2) Importer(815301076,1909f56bfc062723c751e8b465ee728b)  -> (artifact id: '6b2569ac70957ac015516720df15a5eb') in 0.014611 seconds
  Import took 0.016435 seconds .

========================================================================
Received Import Request.
  Time since last request: 0.000219 seconds.
  path: Assets/Mega Fantasy Props Pack/Materials/dark_wood.mat
  artifactKey: Guid(02f0f69994ce7d34a86b5fbb2a3127fe) Importer(815301076,1909f56bfc062723c751e8b465ee728b)
Start importing Assets/Mega Fantasy Props Pack/Materials/dark_wood.mat using Guid(02f0f69994ce7d34a86b5fbb2a3127fe) Importer(815301076,1909f56bfc062723c751e8b465ee728b)  -> (artifact id: 'ca99ef706e52eb1df9e8955c365c7157') in 0.013980 seconds
  Import took 0.016036 seconds .

========================================================================
Received Import Request.
  Time since last request: 0.000220 seconds.
  path: Assets/Mega Fantasy Props Pack/Materials/clay_1_d.mat
  artifactKey: Guid(0664a4889da60aa4aadaaed77fd6a556) Importer(815301076,1909f56bfc062723c751e8b465ee728b)
Start importing Assets/Mega Fantasy Props Pack/Materials/clay_1_d.mat using Guid(0664a4889da60aa4aadaaed77fd6a556) Importer(815301076,1909f56bfc062723c751e8b465ee728b)  -> (artifact id: '2acdb59dd2064e35f9d8ed34e6e23177') in 0.015249 seconds
  Import took 0.017308 seconds .

========================================================================
Received Import Request.
  Time since last request: 0.000195 seconds.
  path: Assets/Mega Fantasy Props Pack/Materials/paper.mat
  artifactKey: Guid(8e19c3cbe5e52e44c8eb38cba192482e) Importer(815301076,1909f56bfc062723c751e8b465ee728b)
Start importing Assets/Mega Fantasy Props Pack/Materials/paper.mat using Guid(8e19c3cbe5e52e44c8eb38cba192482e) Importer(815301076,1909f56bfc062723c751e8b465ee728b)  -> (artifact id: '45cd6255c72ad5455f0dd718c367e868') in 0.016346 seconds
  Import took 0.018103 seconds .

========================================================================
Received Import Request.
  Time since last request: 0.000220 seconds.
  path: Assets/Mega Fantasy Props Pack/Materials/iron.mat
  artifactKey: Guid(01fe39fbda1dcd94a91cba98e3847538) Importer(815301076,1909f56bfc062723c751e8b465ee728b)
Start importing Assets/Mega Fantasy Props Pack/Materials/iron.mat using Guid(01fe39fbda1dcd94a91cba98e3847538) Importer(815301076,1909f56bfc062723c751e8b465ee728b)  -> (artifact id: '4b38f12821fa2b0b7ef2f2f419636932') in 0.014611 seconds
  Import took 0.016604 seconds .

========================================================================
Received Import Request.
  Time since last request: 0.000209 seconds.
  path: Assets/Mega Fantasy Props Pack/Materials/wood_2_d.mat
  artifactKey: Guid(982cbc10ad3c2114ca283c1b759605a1) Importer(815301076,1909f56bfc062723c751e8b465ee728b)
Start importing Assets/Mega Fantasy Props Pack/Materials/wood_2_d.mat using Guid(982cbc10ad3c2114ca283c1b759605a1) Importer(815301076,1909f56bfc062723c751e8b465ee728b)  -> (artifact id: 'e15185a0b307831aa43c11f93bc02793') in 0.013755 seconds
  Import took 0.015784 seconds .

========================================================================
Received Import Request.
  Time since last request: 0.000177 seconds.
  path: Assets/Mega Fantasy Props Pack/Materials/canvas_poor_d.mat
  artifactKey: Guid(00d2fb0ba59dca84fb06f1e87df7b18a) Importer(815301076,1909f56bfc062723c751e8b465ee728b)
Start importing Assets/Mega Fantasy Props Pack/Materials/canvas_poor_d.mat using Guid(00d2fb0ba59dca84fb06f1e87df7b18a) Importer(815301076,1909f56bfc062723c751e8b465ee728b)  -> (artifact id: '3d2d13c228c082d403e9088251db8917') in 0.013875 seconds
  Import took 0.015609 seconds .

========================================================================
Received Import Request.
  Time since last request: 0.000197 seconds.
  path: Assets/Mega Fantasy Props Pack/Materials/granite_2_d.mat
  artifactKey: Guid(76a83259762614141892c40ea34bc15d) Importer(815301076,1909f56bfc062723c751e8b465ee728b)
Start importing Assets/Mega Fantasy Props Pack/Materials/granite_2_d.mat using Guid(76a83259762614141892c40ea34bc15d) Importer(815301076,1909f56bfc062723c751e8b465ee728b)  -> (artifact id: 'd80a1ca3b766350481ecf00d3eb876d8') in 0.016410 seconds
  Import took 0.018436 seconds .

========================================================================
Received Import Request.
  Time since last request: 0.000190 seconds.
  path: Assets/Mega Fantasy Props Pack/Materials/fabric_3_d.mat
  artifactKey: Guid(ab65d633a3d9fb24dbd4aee2445f2869) Importer(815301076,1909f56bfc062723c751e8b465ee728b)
Start importing Assets/Mega Fantasy Props Pack/Materials/fabric_3_d.mat using Guid(ab65d633a3d9fb24dbd4aee2445f2869) Importer(815301076,1909f56bfc062723c751e8b465ee728b)  -> (artifact id: '81dfe8aaf726258ea8537f64184125bb') in 0.016097 seconds
  Import took 0.018242 seconds .

========================================================================
Received Import Request.
  Time since last request: 0.000234 seconds.
  path: Assets/Mega Fantasy Props Pack/Materials/fabric_bag_1_d.mat
  artifactKey: Guid(1db8569813e821749927d4ad11460096) Importer(815301076,1909f56bfc062723c751e8b465ee728b)
Start importing Assets/Mega Fantasy Props Pack/Materials/fabric_bag_1_d.mat using Guid(1db8569813e821749927d4ad11460096) Importer(815301076,1909f56bfc062723c751e8b465ee728b)  -> (artifact id: 'eaeef801521ba7617d68f24dda347ebc') in 0.014928 seconds
  Import took 0.016763 seconds .

========================================================================
Received Import Request.
  Time since last request: 0.000184 seconds.
  path: Assets/Mega Fantasy Props Pack/Materials/dark.mat
  artifactKey: Guid(8653c28f8f9110f43a0fb41a118f1af3) Importer(815301076,1909f56bfc062723c751e8b465ee728b)
Start importing Assets/Mega Fantasy Props Pack/Materials/dark.mat using Guid(8653c28f8f9110f43a0fb41a118f1af3) Importer(815301076,1909f56bfc062723c751e8b465ee728b)  -> (artifact id: 'fadef2d9f9820038b2f53a381319194d') in 0.207768 seconds
  Import took 0.209473 seconds .

========================================================================
Received Import Request.
  Time since last request: 0.000179 seconds.
  path: Assets/Mega Fantasy Props Pack/Materials/timber_2_fixed_d.mat
  artifactKey: Guid(4bc52937c3c17274f942302c482c69ac) Importer(815301076,1909f56bfc062723c751e8b465ee728b)
Start importing Assets/Mega Fantasy Props Pack/Materials/timber_2_fixed_d.mat using Guid(4bc52937c3c17274f942302c482c69ac) Importer(815301076,1909f56bfc062723c751e8b465ee728b)  -> (artifact id: '5c219e721e3754c9e42e66c6e75f1002') in 0.013610 seconds
  Import took 0.015682 seconds .

========================================================================
Received Import Request.
  Time since last request: 0.000226 seconds.
  path: Assets/Mega Fantasy Props Pack/Materials/trunk_1_d.mat
  artifactKey: Guid(c8bc57404c7970e4c98325aafd294396) Importer(815301076,1909f56bfc062723c751e8b465ee728b)
Start importing Assets/Mega Fantasy Props Pack/Materials/trunk_1_d.mat using Guid(c8bc57404c7970e4c98325aafd294396) Importer(815301076,1909f56bfc062723c751e8b465ee728b)  -> (artifact id: '8e38a19c5a14ef570c71c8962e695636') in 0.014806 seconds
  Import took 0.016855 seconds .

========================================================================
Received Import Request.
  Time since last request: 0.000207 seconds.
  path: Assets/Mega Fantasy Props Pack/Materials/gold.mat
  artifactKey: Guid(fd5793c2b2982d541a06c2303351d8eb) Importer(815301076,1909f56bfc062723c751e8b465ee728b)
Start importing Assets/Mega Fantasy Props Pack/Materials/gold.mat using Guid(fd5793c2b2982d541a06c2303351d8eb) Importer(815301076,1909f56bfc062723c751e8b465ee728b)  -> (artifact id: '0c28d591515447d6fa22731d2235a040') in 0.015962 seconds
  Import took 0.018140 seconds .

========================================================================
Received Import Request.
  Time since last request: 0.000308 seconds.
  path: Assets/Mega Fantasy Props Pack/Materials/silver.mat
  artifactKey: Guid(fa9f24e782fcaa248a1becba50e640d5) Importer(815301076,1909f56bfc062723c751e8b465ee728b)
Start importing Assets/Mega Fantasy Props Pack/Materials/silver.mat using Guid(fa9f24e782fcaa248a1becba50e640d5) Importer(815301076,1909f56bfc062723c751e8b465ee728b)  -> (artifact id: '9de96eec1eb7a121d4227384f3736033') in 0.014636 seconds
  Import took 0.016666 seconds .

========================================================================
Received Import Request.
  Time since last request: 0.000178 seconds.
  path: Assets/Mega Fantasy Props Pack/Materials/spice.mat
  artifactKey: Guid(d634f695d7fc3b2479eaec83bc044d20) Importer(815301076,1909f56bfc062723c751e8b465ee728b)
Start importing Assets/Mega Fantasy Props Pack/Materials/spice.mat using Guid(d634f695d7fc3b2479eaec83bc044d20) Importer(815301076,1909f56bfc062723c751e8b465ee728b)  -> (artifact id: '2afd7fbf2396ddab7ccdad16dda774ba') in 0.016195 seconds
  Import took 0.018262 seconds .

========================================================================
Received Import Request.
  Time since last request: 0.000177 seconds.
  path: Assets/Mega Fantasy Props Pack/Materials/string.mat
  artifactKey: Guid(da27f5b7bdd1f3d4da0ab822cb7d1408) Importer(815301076,1909f56bfc062723c751e8b465ee728b)
Start importing Assets/Mega Fantasy Props Pack/Materials/string.mat using Guid(da27f5b7bdd1f3d4da0ab822cb7d1408) Importer(815301076,1909f56bfc062723c751e8b465ee728b)  -> (artifact id: '2e55d2f103a7d2a16e95127b56f39878') in 0.016433 seconds
  Import took 0.018191 seconds .

========================================================================
Received Import Request.
  Time since last request: 0.000265 seconds.
  path: Assets/Mega Fantasy Props Pack/Materials/fabric_2_d.mat
  artifactKey: Guid(18a635f73de55b64e8204aaf6d8d55c9) Importer(815301076,1909f56bfc062723c751e8b465ee728b)
Start importing Assets/Mega Fantasy Props Pack/Materials/fabric_2_d.mat using Guid(18a635f73de55b64e8204aaf6d8d55c9) Importer(815301076,1909f56bfc062723c751e8b465ee728b)  -> (artifact id: 'ba20e8530f89c4ffe3c4f6d340f601f5') in 0.014726 seconds
  Import took 0.016790 seconds .

========================================================================
Received Import Request.
  Time since last request: 0.000182 seconds.
  path: Assets/Mega Fantasy Props Pack/Materials/wooden-boards-texture_d.mat
  artifactKey: Guid(f50fd987009300249ad223e750bb4396) Importer(815301076,1909f56bfc062723c751e8b465ee728b)
Start importing Assets/Mega Fantasy Props Pack/Materials/wooden-boards-texture_d.mat using Guid(f50fd987009300249ad223e750bb4396) Importer(815301076,1909f56bfc062723c751e8b465ee728b)  -> (artifact id: '95b29d22f92c0eb30fcc3c568db1bda8') in 0.014642 seconds
  Import took 0.016394 seconds .

========================================================================
Received Import Request.
  Time since last request: 0.000214 seconds.
  path: Assets/Mega Fantasy Props Pack/Materials/silver_1_fixed_d.mat
  artifactKey: Guid(de5c208fe468c25458b2bb5e0b909a5e) Importer(815301076,1909f56bfc062723c751e8b465ee728b)
Start importing Assets/Mega Fantasy Props Pack/Materials/silver_1_fixed_d.mat using Guid(de5c208fe468c25458b2bb5e0b909a5e) Importer(815301076,1909f56bfc062723c751e8b465ee728b)  -> (artifact id: '25d58817c465dcd3ede3afe687f3907a') in 0.019210 seconds
  Import took 0.021802 seconds .

========================================================================
Received Import Request.
  Time since last request: 0.000195 seconds.
  path: Assets/Mega Fantasy Props Pack/Materials/trunks_1_d.mat
  artifactKey: Guid(121b58f12db8b0e43adf87d1c1ef6b71) Importer(815301076,1909f56bfc062723c751e8b465ee728b)
Start importing Assets/Mega Fantasy Props Pack/Materials/trunks_1_d.mat using Guid(121b58f12db8b0e43adf87d1c1ef6b71) Importer(815301076,1909f56bfc062723c751e8b465ee728b)  -> (artifact id: '9a7768c75484f9fe2b5ab52191fde3f1') in 0.017575 seconds
  Import took 0.019684 seconds .

========================================================================
Received Import Request.
  Time since last request: 0.000212 seconds.
  path: Assets/Mega Fantasy Props Pack/Materials/stone_wall_2_d.mat
  artifactKey: Guid(dbc2b493531c5344f85864c5688265b9) Importer(815301076,1909f56bfc062723c751e8b465ee728b)
Start importing Assets/Mega Fantasy Props Pack/Materials/stone_wall_2_d.mat using Guid(dbc2b493531c5344f85864c5688265b9) Importer(815301076,1909f56bfc062723c751e8b465ee728b)  -> (artifact id: '3314eb9b9cccfd991f8dd45552a84ecb') in 0.016825 seconds
  Import took 0.018834 seconds .

========================================================================
Received Import Request.
  Time since last request: 0.000177 seconds.
  path: Assets/Mega Fantasy Props Pack/Materials/paper_single_page.mat
  artifactKey: Guid(51170788b33ba304aa4b68ffef5ba924) Importer(815301076,1909f56bfc062723c751e8b465ee728b)
Start importing Assets/Mega Fantasy Props Pack/Materials/paper_single_page.mat using Guid(51170788b33ba304aa4b68ffef5ba924) Importer(815301076,1909f56bfc062723c751e8b465ee728b)  -> (artifact id: '708bc617714a0d422f136ce862dc271a') in 0.016583 seconds
  Import took 0.018331 seconds .

========================================================================
Received Import Request.
  Time since last request: 0.000184 seconds.
  path: Assets/Mega Fantasy Props Pack/Materials/shingle_1_d.mat
  artifactKey: Guid(aa92370f24b71d4428525f91cfb88005) Importer(815301076,1909f56bfc062723c751e8b465ee728b)
Start importing Assets/Mega Fantasy Props Pack/Materials/shingle_1_d.mat using Guid(aa92370f24b71d4428525f91cfb88005) Importer(815301076,1909f56bfc062723c751e8b465ee728b)  -> (artifact id: '2a214f704ccca322077fc15dba0bc395') in 0.014829 seconds
  Import took 0.017014 seconds .

========================================================================
Received Import Request.
  Time since last request: 0.000206 seconds.
  path: Assets/Mega Fantasy Props Pack/Materials/canvas_book_1_d.mat
  artifactKey: Guid(19b610a59115b3544a25976b65817e4e) Importer(815301076,1909f56bfc062723c751e8b465ee728b)
Start importing Assets/Mega Fantasy Props Pack/Materials/canvas_book_1_d.mat using Guid(19b610a59115b3544a25976b65817e4e) Importer(815301076,1909f56bfc062723c751e8b465ee728b)  -> (artifact id: 'a8e5b42e4925387a623f541de109b06b') in 0.016232 seconds
  Import took 0.018184 seconds .

========================================================================
Received Import Request.
  Time since last request: 0.000190 seconds.
  path: Assets/Mega Fantasy Props Pack/Materials/fabric_1_d.mat
  artifactKey: Guid(b6eb2c31fb903b94c82e9e2c182bc388) Importer(815301076,1909f56bfc062723c751e8b465ee728b)
Start importing Assets/Mega Fantasy Props Pack/Materials/fabric_1_d.mat using Guid(b6eb2c31fb903b94c82e9e2c182bc388) Importer(815301076,1909f56bfc062723c751e8b465ee728b)  -> (artifact id: '966be248d91c58e365aae167c6c95835') in 0.015022 seconds
  Import took 0.017198 seconds .

========================================================================
Received Import Request.
  Time since last request: 0.000176 seconds.
  path: Assets/Mega Fantasy Props Pack/Materials/stone_wall_3_d.mat
  artifactKey: Guid(1fe0bf56d0e15604689d9bae86d0c047) Importer(815301076,1909f56bfc062723c751e8b465ee728b)
Start importing Assets/Mega Fantasy Props Pack/Materials/stone_wall_3_d.mat using Guid(1fe0bf56d0e15604689d9bae86d0c047) Importer(815301076,1909f56bfc062723c751e8b465ee728b)  -> (artifact id: '2334e009d8939136a6136094ec63d50b') in 0.014616 seconds
  Import took 0.016585 seconds .

========================================================================
Received Import Request.
  Time since last request: 0.000244 seconds.
  path: Assets/Mega Fantasy Props Pack/Materials/cobblestone_wall_1_fixed_d.mat
  artifactKey: Guid(f08005055adb6774b8d7cd4b19858a9e) Importer(815301076,1909f56bfc062723c751e8b465ee728b)
Start importing Assets/Mega Fantasy Props Pack/Materials/cobblestone_wall_1_fixed_d.mat using Guid(f08005055adb6774b8d7cd4b19858a9e) Importer(815301076,1909f56bfc062723c751e8b465ee728b)  -> (artifact id: '2dd97ecb2b2472d2c708c9f398326059') in 0.017430 seconds
  Import took 0.019742 seconds .

========================================================================
Received Import Request.
  Time since last request: 0.000372 seconds.
  path: Assets/Mega Fantasy Props Pack/Materials/timber_1_fixed_d.mat
  artifactKey: Guid(2536f1f630d08f441b76cba76e8cf597) Importer(815301076,1909f56bfc062723c751e8b465ee728b)
Start importing Assets/Mega Fantasy Props Pack/Materials/timber_1_fixed_d.mat using Guid(2536f1f630d08f441b76cba76e8cf597) Importer(815301076,1909f56bfc062723c751e8b465ee728b)  -> (artifact id: '0ce8c8fc533d086c7cf413c003d0e7f1') in 0.020572 seconds
  Import took 0.023246 seconds .

========================================================================
Received Import Request.
  Time since last request: 0.000256 seconds.
  path: Assets/Mega Fantasy Props Pack/Materials/trunk_2_d.mat
  artifactKey: Guid(1d98a65002eda714d83f003d768ffc76) Importer(815301076,1909f56bfc062723c751e8b465ee728b)
Start importing Assets/Mega Fantasy Props Pack/Materials/trunk_2_d.mat using Guid(1d98a65002eda714d83f003d768ffc76) Importer(815301076,1909f56bfc062723c751e8b465ee728b)  -> (artifact id: 'b108ed9042b7ef15af3582a86f5f9ce0') in 0.018722 seconds
  Import took 0.020822 seconds .

========================================================================
Received Import Request.
  Time since last request: 0.000172 seconds.
  path: Assets/Mega Fantasy Props Pack/Materials/wall_brick_1_d.mat
  artifactKey: Guid(d688b73caa629f344b206ac58bb4f813) Importer(815301076,1909f56bfc062723c751e8b465ee728b)
Start importing Assets/Mega Fantasy Props Pack/Materials/wall_brick_1_d.mat using Guid(d688b73caa629f344b206ac58bb4f813) Importer(815301076,1909f56bfc062723c751e8b465ee728b)  -> (artifact id: '16a15df6d07307b3d8638e66fc3d2d54') in 0.014708 seconds
  Import took 0.016659 seconds .

========================================================================
Received Import Request.
  Time since last request: 0.000232 seconds.
  path: Assets/Mega Fantasy Props Pack/Materials/stone_wall_1_d.mat
  artifactKey: Guid(e1489ba25dfb7ab4585967216604488d) Importer(815301076,1909f56bfc062723c751e8b465ee728b)
Start importing Assets/Mega Fantasy Props Pack/Materials/stone_wall_1_d.mat using Guid(e1489ba25dfb7ab4585967216604488d) Importer(815301076,1909f56bfc062723c751e8b465ee728b)  -> (artifact id: 'bfe16618575a4db5ae042804687f7f1e') in 0.015357 seconds
  Import took 0.017232 seconds .

========================================================================
Received Import Request.
  Time since last request: 0.000171 seconds.
  path: Assets/Mega Fantasy Props Pack/Materials/wood_3_d.mat
  artifactKey: Guid(941f25881004d8f44ba7da0f339c7967) Importer(815301076,1909f56bfc062723c751e8b465ee728b)
Start importing Assets/Mega Fantasy Props Pack/Materials/wood_3_d.mat using Guid(941f25881004d8f44ba7da0f339c7967) Importer(815301076,1909f56bfc062723c751e8b465ee728b)  -> (artifact id: '0a19a748419c0e3689d75dfe48f93c9a') in 0.015163 seconds
  Import took 0.017048 seconds .

========================================================================
Received Import Request.
  Time since last request: 0.000218 seconds.
  path: Assets/Mega Fantasy Props Pack/Materials/canvas_book_3_d.mat
  artifactKey: Guid(e721513dd67b1194eb34d01628a2ec38) Importer(815301076,1909f56bfc062723c751e8b465ee728b)
Start importing Assets/Mega Fantasy Props Pack/Materials/canvas_book_3_d.mat using Guid(e721513dd67b1194eb34d01628a2ec38) Importer(815301076,1909f56bfc062723c751e8b465ee728b)  -> (artifact id: 'd18394a0541e76a4bfc9e3532303f114') in 0.016682 seconds
  Import took 0.018927 seconds .

========================================================================
Received Import Request.
  Time since last request: 0.000220 seconds.
  path: Assets/Mega Fantasy Props Pack/Materials/canvas_book_2_d.mat
  artifactKey: Guid(e5e845b6ac5f8dc429a548e827f4fb22) Importer(815301076,1909f56bfc062723c751e8b465ee728b)
Start importing Assets/Mega Fantasy Props Pack/Materials/canvas_book_2_d.mat using Guid(e5e845b6ac5f8dc429a548e827f4fb22) Importer(815301076,1909f56bfc062723c751e8b465ee728b)  -> (artifact id: '97f8857d7656dc6ddaf156b6dc5e530a') in 0.020136 seconds
  Import took 0.022731 seconds .

========================================================================
Received Import Request.
  Time since last request: 0.000196 seconds.
  path: Assets/Mega Fantasy Props Pack/Materials/charcoal_1_d.mat
  artifactKey: Guid(edae9c3fda9266046a7f482926164cec) Importer(815301076,1909f56bfc062723c751e8b465ee728b)
Start importing Assets/Mega Fantasy Props Pack/Materials/charcoal_1_d.mat using Guid(edae9c3fda9266046a7f482926164cec) Importer(815301076,1909f56bfc062723c751e8b465ee728b)  -> (artifact id: '79e0dacafe7ef861ac6f901ccddea67a') in 0.016748 seconds
  Import took 0.019128 seconds .

========================================================================
Received Import Request.
  Time since last request: 0.000186 seconds.
  path: Assets/Mega Fantasy Props Pack/Materials/wax.mat
  artifactKey: Guid(f98fac1cf2116764bb0b3f63b9fd4050) Importer(815301076,1909f56bfc062723c751e8b465ee728b)
Start importing Assets/Mega Fantasy Props Pack/Materials/wax.mat using Guid(f98fac1cf2116764bb0b3f63b9fd4050) Importer(815301076,1909f56bfc062723c751e8b465ee728b)  -> (artifact id: 'b0a50f835537cee4efd7699154992d15') in 0.015705 seconds
  Import took 0.017704 seconds .

========================================================================
Received Import Request.
  Time since last request: 0.000210 seconds.
  path: Assets/Mega Fantasy Props Pack/Materials/wooden-boards-texture_white_d.mat
  artifactKey: Guid(aa9711915b138974ba65f2c8cb5333a5) Importer(815301076,1909f56bfc062723c751e8b465ee728b)
Start importing Assets/Mega Fantasy Props Pack/Materials/wooden-boards-texture_white_d.mat using Guid(aa9711915b138974ba65f2c8cb5333a5) Importer(815301076,1909f56bfc062723c751e8b465ee728b)  -> (artifact id: '1e80f8d5e2cde809dbfd13a3d8f82f47') in 0.014943 seconds
  Import took 0.016896 seconds .

========================================================================
Received Import Request.
  Time since last request: 0.000180 seconds.
  path: Assets/Mega Fantasy Props Pack/Materials/wicker_1_d.mat
  artifactKey: Guid(af916d4cd654ba04e9c96a413899b9be) Importer(815301076,1909f56bfc062723c751e8b465ee728b)
Start importing Assets/Mega Fantasy Props Pack/Materials/wicker_1_d.mat using Guid(af916d4cd654ba04e9c96a413899b9be) Importer(815301076,1909f56bfc062723c751e8b465ee728b)  -> (artifact id: '396c173f21883696bdbc746403098ed4') in 0.014498 seconds
  Import took 0.016515 seconds .

========================================================================
Received Import Request.
  Time since last request: 0.000184 seconds.
  path: Assets/Mega Fantasy Props Pack/Materials/books_paper_d.mat
  artifactKey: Guid(cfe94b7c6014b1245b56c46d35cd406e) Importer(815301076,1909f56bfc062723c751e8b465ee728b)
Start importing Assets/Mega Fantasy Props Pack/Materials/books_paper_d.mat using Guid(cfe94b7c6014b1245b56c46d35cd406e) Importer(815301076,1909f56bfc062723c751e8b465ee728b)  -> (artifact id: '7a5ce7ced2b06c82b28d8ddf40d5b23c') in 0.016867 seconds
  Import took 0.018630 seconds .

========================================================================
Received Prepare
Registering precompiled user dll's ...
Registered in 0.000432 seconds.
Begin MonoManager ReloadAssembly
Native extension for WindowsStandalone target not found
Refreshing native plugins compatible for Editor in 0.29 ms, found 0 plugins.
Preloading 0 native plugins for Editor in 0.00 ms.
Invoked RoslynAnalysisRunner static constructor.
RoslynAnalysisRunner will not be running.
RoslynAnalysisRunner has terminated.
Mono: successfully reloaded assembly
- Completed reload, in  0.553 seconds
Platform modules already initialized, skipping
Refreshing native plugins compatible for Editor in 0.31 ms, found 0 plugins.
Preloading 0 native plugins for Editor in 0.00 ms.
Unloading 1148 Unused Serialized files (Serialized files now loaded: 0)
System memory in use before: 87.3 MB.
System memory in use after: 87.0 MB.

Unloading 7 unused Assets to reduce memory usage. Loaded Objects now: 1738.
Total: 1.690300 ms (FindLiveObjects: 0.145000 ms CreateObjectMapping: 0.027500 ms MarkObjects: 1.218600 ms  DeleteObjects: 0.298300 ms)

AssetImportWorkerClient::OnTransportError - code=2 error=End of file
